<?xml version="1.0" encoding="UTF-8"?>
<!-- Generated by org.testng.reporters.JUnitXMLReporter -->
<testsuite hostname="SwarnenduMuk-PC" ignored="0" name="Default test" tests="3" failures="0" timestamp="28 Mar 2018 13:31:03 GMT" time="11.261" errors="0">
  <testcase name="testTotalChapterCount" time="0.11" classname="Practice.Suvian.in.chapterCount"/>
  <testcase name="test" time="3.139" classname="Practice.Suvian.in.chapterCount"/>
  <testcase name="testTotalChapterCountinBook2" time="0.077" classname="Practice.Suvian.in.chapterCount"/>
</testsuite> <!-- Default test -->
