<?xml version="1.0" encoding="UTF-8"?>
<!-- Generated by org.testng.reporters.JUnitXMLReporter -->
<testsuite hostname="SwarnenduMuk-PC" ignored="0" name="Default test" tests="2" failures="0" timestamp="04 Apr 2018 14:52:21 GMT" time="16.967" errors="0">
  <testcase name="testSelectOptionAndHandleWindow" time="1.857" classname="levell.Selectoptiondropdown"/>
  <testcase name="testSelectOptionAndHandleWindowUsingSet" time="1.186" classname="levell.Selectoptiondropdown"/>
</testsuite> <!-- Default test -->
