<?xml version="1.0" encoding="UTF-8"?>
<testng-results skipped="0" failed="0" ignored="0" total="1" passed="1">
  <reporter-output>
  </reporter-output>
  <suite name="Default suite" duration-ms="8606" started-at="2018-03-30T14:11:08Z" finished-at="2018-03-30T14:11:17Z">
    <groups>
    </groups>
    <test name="Default test" duration-ms="8606" started-at="2018-03-30T14:11:08Z" finished-at="2018-03-30T14:11:17Z">
      <class name="level2.ReadQuote">
        <test-method status="PASS" signature="setUp()[pri:0, instance:level2.ReadQuote@4edc67]" name="setUp" is-config="true" duration-ms="8418" started-at="2018-03-30T19:41:08Z" finished-at="2018-03-30T19:41:17Z">
          <reporter-output>
          </reporter-output>
        </test-method> <!-- setUp -->
        <test-method status="PASS" signature="readQuoteTest()[pri:0, instance:level2.ReadQuote@4edc67]" name="readQuoteTest" duration-ms="162" started-at="2018-03-30T19:41:17Z" finished-at="2018-03-30T19:41:17Z">
          <reporter-output>
          </reporter-output>
        </test-method> <!-- readQuoteTest -->
        <test-method status="PASS" signature="tearDown()[pri:0, instance:level2.ReadQuote@4edc67]" name="tearDown" is-config="true" duration-ms="0" started-at="2018-03-30T19:41:17Z" finished-at="2018-03-30T19:41:17Z">
          <reporter-output>
          </reporter-output>
        </test-method> <!-- tearDown -->
      </class> <!-- level2.ReadQuote -->
    </test> <!-- Default test -->
  </suite> <!-- Default suite -->
</testng-results>
